\BOOKMARK [0][]{chapter*.1}{\376\377\122\115\212\000\116\016\174\373\122\027\116\313\176\315}{}% 1
\BOOKMARK [1][]{section.0.1}{\376\377\0000\000.\0001\000\040\174\373\122\027\116\313\176\315}{chapter*.1}% 2
\BOOKMARK [1][]{section.0.2}{\376\377\0000\000.\0002\000\040\122\115\212\000}{chapter*.1}% 3
\BOOKMARK [0][]{chapter.1}{\376\377\173\054\116\000\172\340\000\040\000\040\125\106\165\050\147\072\126\150\116\272\144\315\117\134\126\150}{}% 4
\BOOKMARK [1][]{section.1.1}{\376\377\0001\000.\0001\000\040\137\025\212\000}{chapter.1}% 5
\BOOKMARK [2][]{subsection.1.1.1}{\376\377\0001\000.\0001\000.\0001\000\040\147\324\140\047\147\072\126\150\116\272\135\345\117\134\123\125\121\103}{section.1.1}% 6
\BOOKMARK [1][]{section.1.2}{\376\377\0001\000.\0002\000\040\125\106\165\050\147\072\126\150\116\272\147\204\127\213\116\016\174\173\127\213}{chapter.1}% 7
\BOOKMARK [2][]{subsection.1.2.1}{\376\377\0001\000.\0002\000.\0001\000\040\144\315\117\134\126\150\140\047\200\375}{section.1.2}% 8
\BOOKMARK [2][]{subsection.1.2.2}{\376\377\0001\000.\0002\000.\0002\000\040\136\070\211\301\217\320\122\250\133\146\147\204\127\213}{section.1.2}% 9
\BOOKMARK [2][]{subsection.1.2.3}{\376\377\0001\000.\0002\000.\0003\000\040\125\106\165\050\147\072\126\150\116\272\166\204\232\161\122\250\174\173\127\213}{section.1.2}% 10
\BOOKMARK [1][]{section.1.3}{\376\377\0001\000.\0003\000\040\125\106\165\050\147\072\126\150\116\272\143\247\122\066\126\150}{chapter.1}% 11
\BOOKMARK [2][]{subsection.1.3.1}{\376\377\0001\000.\0003\000.\0001\000\040\217\320\122\250\217\150\217\371\165\037\142\020\124\214\215\337\216\052}{section.1.3}% 12
\BOOKMARK [2][]{subsection.1.3.2}{\376\377\0001\000.\0003\000.\0002\000\040\217\320\122\250\000/\217\307\172\013\226\306\142\020\124\214\143\222\136\217}{section.1.3}% 13
\BOOKMARK [2][]{subsection.1.3.3}{\376\377\0001\000.\0003\000.\0003\000\040\116\272\147\072\226\306\142\020}{section.1.3}% 14
\BOOKMARK [2][]{subsection.1.3.4}{\376\377\0001\000.\0003\000.\0004\000\040\117\341\140\157\226\306\142\020}{section.1.3}% 15
\BOOKMARK [1][]{section.1.4}{\376\377\0001\000.\0004\000\040\117\040\141\037\126\150}{chapter.1}% 16
\BOOKMARK [2][]{subsection.1.4.1}{\376\377\0001\000.\0004\000.\0001\000\040\117\040\141\037\126\150\174\173\127\213}{section.1.4}% 17
\BOOKMARK [2][]{subsection.1.4.2}{\376\377\0001\000.\0004\000.\0002\000\040\117\040\141\037\126\150\145\160\143\156\131\004\164\006}{section.1.4}% 18
\BOOKMARK [2][]{subsection.1.4.3}{\376\377\0001\000.\0004\000.\0003\000\040\211\306\211\311\174\373\176\337\060\001\166\370\147\072\124\214\161\147\146\016}{section.1.4}% 19
\BOOKMARK [0][]{chapter.2}{\376\377\173\054\116\214\172\340\000\040\000\040\143\247\122\066\164\006\213\272\133\374\213\272}{}% 20
\BOOKMARK [1][]{section*.2}{\376\377\173\054\116\214\172\340\377\032\143\247\122\066\164\006\213\272\133\374\213\272}{chapter.2}% 21
\BOOKMARK [1][]{section.2.1}{\376\377\0002\000.\0001\000\040\137\025\212\000}{chapter.2}% 22
\BOOKMARK [1][]{section.2.2}{\376\377\0002\000.\0002\000\040\176\277\140\047\162\266\140\001\123\330\221\317\174\373\176\337}{chapter.2}% 23
\BOOKMARK [2][]{subsection.2.2.1}{\376\377\0002\000.\0002\000.\0001\000\040\217\336\176\355\145\366\225\364\174\373\176\337}{section.2.2}% 24
\BOOKMARK [2][]{subsection.2.2.2}{\376\377\0002\000.\0002\000.\0002\000\040\171\273\145\143\145\366\225\364\174\373\176\337}{section.2.2}% 25
\BOOKMARK [1][]{section.2.3}{\376\377\0002\000.\0003\000\040\227\136\176\277\140\047\162\266\140\001\123\330\221\317\174\373\176\337}{chapter.2}% 26
\BOOKMARK [2][]{subsection.2.3.1}{\376\377\0002\000.\0003\000.\0001\000\040\217\336\176\355\145\366\225\364\174\373\176\337}{section.2.3}% 27
\BOOKMARK [2][]{subsection.2.3.2}{\376\377\0002\000.\0003\000.\0002\000\040\171\273\145\143\145\366\225\364\174\373\176\337}{section.2.3}% 28
\BOOKMARK [1][]{section.2.4}{\376\377\0002\000.\0004\000\040\227\136\176\277\140\047\174\373\176\337\116\016\136\163\210\141\160\271}{chapter.2}% 29
\BOOKMARK [1][]{section.2.5}{\376\377\0002\000.\0005\000\040\124\021\221\317\172\172\225\364\060\001\203\003\145\160\116\016\121\205\171\357}{chapter.2}% 30
\BOOKMARK [2][]{subsection.2.5.1}{\376\377\0002\000.\0005\000.\0001\000\040\176\277\140\047\124\021\221\317\172\172\225\364}{section.2.5}% 31
\BOOKMARK [2][]{subsection.2.5.2}{\376\377\0002\000.\0005\000.\0002\000\040\117\341\123\367\124\214\174\373\176\337\166\204\203\003\145\160}{section.2.5}% 32
\BOOKMARK [2][]{subsection.2.5.3}{\376\377\0002\000.\0005\000.\0003\000\040\121\205\171\357}{section.2.5}% 33
\BOOKMARK [2][]{subsection.2.5.4}{\376\377\0002\000.\0005\000.\0004\000\040\167\351\226\065\140\047\215\050}{section.2.5}% 34
\BOOKMARK [1][]{section.2.6}{\376\377\0002\000.\0006\000\040\172\063\133\232\140\047\164\006\213\272}{chapter.2}% 35
\BOOKMARK [1][]{section.2.7}{\376\377\0002\000.\0007\000\040\147\116\226\305\146\156\213\372\131\053\172\063\133\232\140\047\133\232\164\006}{chapter.2}% 36
\BOOKMARK [2][]{subsection.2.7.1}{\376\377\0002\000.\0007\000.\0001\000\040\000K\174\173\121\375\145\160}{section.2.7}% 37
\BOOKMARK [2][]{subsection.2.7.2}{\376\377\0002\000.\0007\000.\0002\000\040\147\116\226\305\146\156\213\372\131\053\133\232\164\006}{section.2.7}% 38
\BOOKMARK [2][]{subsection.2.7.3}{\376\377\0002\000.\0007\000.\0003\000\040\201\352\154\273\140\305\121\265}{section.2.7}% 39
\BOOKMARK [2][]{subsection.2.7.4}{\376\377\0002\000.\0007\000.\0004\000\040\176\277\140\047\145\366\116\015\123\330\140\305\121\265}{section.2.7}% 40
\BOOKMARK [1][]{section.2.8}{\376\377\0002\000.\0008\000\040\217\223\121\145\000/\217\223\121\372\172\063\133\232\140\047}{chapter.2}% 41
\BOOKMARK [1][]{section.2.9}{\376\377\0002\000.\0009\000\040\232\330\176\247\172\063\133\232\140\047\176\323\147\234}{chapter.2}% 42
\BOOKMARK [2][]{subsection.2.9.1}{\376\377\0002\000.\0009\000.\0001\000\040\210\253\122\250\174\373\176\337}{section.2.9}% 43
\BOOKMARK [2][]{subsection.2.9.2}{\376\377\0002\000.\0009\000.\0002\000\040\153\143\133\236\174\373\176\337}{section.2.9}% 44
\BOOKMARK [2][]{subsection.2.9.3}{\376\377\0002\000.\0009\000.\0003\000\040\000L\000u\000r\000e\225\356\230\230}{section.2.9}% 45
\BOOKMARK [2][]{subsection.2.9.4}{\376\377\0002\000.\0009\000.\0004\000\040\000M\000K\000Y\137\025\164\006}{section.2.9}% 46
\BOOKMARK [1][]{section.2.10}{\376\377\0002\000.\0001\0000\000\040\147\011\165\050\166\204\133\232\164\006\116\016\137\025\164\006}{chapter.2}% 47
\BOOKMARK [2][]{subsection.2.10.1}{\376\377\0002\000.\0001\0000\000.\0001\000\040\134\017\130\236\166\312\133\232\164\006}{section.2.10}% 48
\BOOKMARK [2][]{subsection.2.10.2}{\376\377\0002\000.\0001\0000\000.\0002\000\040\140\073\172\063\133\232\140\047\133\232\164\006}{section.2.10}% 49
\BOOKMARK [2][]{subsection.2.10.3}{\376\377\0002\000.\0001\0000\000.\0003\000\040\000B\000e\000l\000l\000m\000a\000n\000-\000G\000r\000o\000n\000w\000a\000l\000l\137\025\164\006}{section.2.10}% 50
\BOOKMARK [2][]{subsection.2.10.4}{\376\377\0002\000.\0001\0000\000.\0004\000\040\000B\000a\000r\000b\000a\000l\000a\000t\137\025\164\006}{section.2.10}% 51
\BOOKMARK [1][]{section.2.11}{\376\377\0002\000.\0001\0001\000\040\176\277\140\047\143\247\122\066\126\150\213\276\213\241}{chapter.2}% 52
\BOOKMARK [1][]{section.2.12}{\376\377\0002\000.\0001\0002\000\040\140\073\176\323\116\016\154\350\213\260}{chapter.2}% 53
\BOOKMARK [1][]{section.2.12}{\376\377\123\302\200\003\145\207\163\056}{chapter.2}% 54
\BOOKMARK [0][]{chapter.3}{\376\377\173\054\116\011\172\340\000\040\000\040\147\072\126\150\116\272\122\250\122\233\133\146}{}% 55
\BOOKMARK [1][]{section.3.1}{\376\377\0003\000.\0001\000\040\137\025\212\000}{chapter.3}% 56
\BOOKMARK [1][]{section.3.2}{\376\377\0003\000.\0002\000\040\142\311\150\074\147\027\145\345\000-\153\047\142\311\122\250\122\233\133\146}{chapter.3}% 57
\BOOKMARK [2][]{subsection.3.2.1}{\376\377\0003\000.\0002\000.\0001\000\040\122\233\060\001\140\357\221\317\116\016\200\375\221\317}{section.3.2}% 58
\BOOKMARK [2][]{subsection.3.2.2}{\376\377\0003\000.\0002\000.\0002\000\040\142\311\150\074\147\027\145\345\217\320\122\250\145\271\172\013}{section.3.2}% 59
\BOOKMARK [2][]{subsection.3.2.3}{\376\377\0003\000.\0002\000.\0003\000\040\143\250\133\374\144\315\117\134\126\150\122\250\122\233\133\146}{section.3.2}% 60
\BOOKMARK [1][]{section.3.3}{\376\377\0003\000.\0003\000\040\147\072\126\150\116\272\145\271\172\013\166\204\176\323\147\204\116\016\140\047\215\050}{chapter.3}% 61
\BOOKMARK [2][]{subsection.3.3.1}{\376\377\0003\000.\0003\000.\0001\000\040\140\357\221\317\167\351\226\065\140\047\215\050}{section.3.3}% 62
\BOOKMARK [2][]{subsection.3.3.2}{\376\377\0003\000.\0003\000.\0002\000\040\171\321\221\314\131\145\122\051\000/\124\021\137\303\230\171\140\047\215\050}{section.3.3}% 63
\BOOKMARK [2][]{subsection.3.3.3}{\376\377\0003\000.\0003\000.\0003\000\040\221\315\122\233\060\001\144\151\144\346\116\016\136\162\142\160\140\047\215\050}{section.3.3}% 64
\BOOKMARK [2][]{subsection.3.3.4}{\376\377\0003\000.\0003\000.\0004\000\040\123\302\145\160\176\277\140\047}{section.3.3}% 65
\BOOKMARK [2][]{subsection.3.3.5}{\376\377\0003\000.\0003\000.\0005\000\040\145\340\156\220\140\047\116\016\200\375\221\317\133\210\140\122}{section.3.3}% 66
\BOOKMARK [1][]{section.3.4}{\376\377\0003\000.\0004\000\040\162\266\140\001\123\330\221\317\210\150\171\072\116\016\123\315\231\210\176\277\140\047\123\026}{chapter.3}% 67
\BOOKMARK [2][]{subsection.3.4.1}{\376\377\0003\000.\0004\000.\0001\000\040\124\310\133\306\230\177\121\154\137\017}{section.3.4}% 68
\BOOKMARK [2][]{subsection.3.4.2}{\376\377\0003\000.\0004\000.\0002\000\040\117\115\177\156\000/\220\037\136\246\121\154\137\017}{section.3.4}% 69
\BOOKMARK [2][]{subsection.3.4.3}{\376\377\0003\000.\0004\000.\0003\000\040\123\315\231\210\176\277\140\047\123\026}{section.3.4}% 70
\BOOKMARK [1][]{section.3.5}{\376\377\0003\000.\0005\000\040\173\033\123\141\134\024\122\250\122\233\133\146\116\016\121\166\116\326\122\250\122\233\133\146}{chapter.3}% 71
\BOOKMARK [2][]{subsection.3.5.1}{\376\377\0003\000.\0005\000.\0001\000\040\173\033\123\141\134\024\147\072\150\260\201\302\122\250\122\233\133\146}{section.3.5}% 72
\BOOKMARK [2][]{subsection.3.5.2}{\376\377\0003\000.\0005\000.\0002\000\040\173\033\123\141\134\024\122\250\122\233\133\146\166\204\176\323\147\204\116\016\140\047\215\050}{section.3.5}% 73
\BOOKMARK [1][]{section.3.6}{\376\377\0003\000.\0006\000\040\142\147\210\114\126\150\122\250\122\233\133\146}{chapter.3}% 74
\BOOKMARK [2][]{subsection.3.6.1}{\376\377\0003\000.\0006\000.\0001\000\040\136\046\142\147\210\114\126\150\166\204\147\072\150\260\201\302\122\250\122\233\133\146}{section.3.6}% 75
\BOOKMARK [2][]{subsection.3.6.2}{\376\377\0003\000.\0006\000.\0002\000\040\116\011\226\066\147\072\150\260\201\302\122\240\142\147\210\114\126\150\122\250\122\233\133\146}{section.3.6}% 76
\BOOKMARK [2][]{subsection.3.6.3}{\376\377\0003\000.\0006\000.\0003\000\040\121\167\147\011\121\163\202\202\147\324\140\047\166\204\122\250\122\233\133\146}{section.3.6}% 77
\BOOKMARK [1][]{section.3.7}{\376\377\0003\000.\0007\000\040\140\073\176\323}{chapter.3}% 78
\BOOKMARK [1][]{section.3.8}{\376\377\0003\000.\0008\000\040\123\302\200\003\145\207\163\056}{chapter.3}% 79
\BOOKMARK [1][]{section.3.9}{\376\377\0003\000.\0009\000\040\116\140\230\230}{chapter.3}% 80
\BOOKMARK [0][]{chapter.4}{\376\377\173\054\126\333\172\340\000\040\000\040\213\241\173\227\122\233\167\351\143\247\122\066}{}% 81
\BOOKMARK [1][]{section.4.1}{\376\377\0004\000.\0001\000\040\137\025\212\000}{chapter.4}% 82
\BOOKMARK [1][]{section.4.2}{\376\377\0004\000.\0002\000\040\215\357\137\204\165\037\142\020}{chapter.4}% 83
\BOOKMARK [2][]{subsection.4.2.1}{\376\377\0004\000.\0002\000.\0001\000\040\134\006\173\033\123\141\134\024\217\150\217\371\217\154\143\142\122\060\121\163\202\202\172\172\225\364}{section.4.2}% 84
\BOOKMARK [2][]{subsection.4.2.2}{\376\377\0004\000.\0002\000.\0002\000\040\131\032\230\171\137\017\215\357\137\204\143\322\120\074}{section.4.2}% 85
\BOOKMARK [2][]{subsection.4.2.3}{\376\377\0004\000.\0002\000.\0003\000\040\136\046\142\233\162\151\176\277\155\367\124\010\166\204\176\277\140\047\121\375\145\160}{section.4.2}% 86
\BOOKMARK [2][]{subsection.4.2.4}{\376\377\0004\000.\0002\000.\0004\000\040\147\000\134\017\145\366\225\364\217\150\217\371}{section.4.2}% 87
\BOOKMARK [1][]{section.4.3}{\376\377\0004\000.\0003\000\040\147\072\126\150\116\272\174\373\176\337\166\204\213\241\173\227\147\072\116\377\167\037}{chapter.4}% 88
\BOOKMARK [2][]{subsection.4.3.1}{\376\377\0004\000.\0003\000.\0001\000\040\147\072\126\150\116\272\122\250\122\233\133\146\116\377\167\037}{section.4.3}% 89
\BOOKMARK [2][]{subsection.4.3.2}{\376\377\0004\000.\0003\000.\0002\000\040\145\160\133\127\147\072\126\150\116\272\143\247\122\066\126\150\166\204\116\377\167\037}{section.4.3}% 90
\BOOKMARK [1][]{section.4.4}{\376\377\0004\000.\0004\000\040\213\241\173\227\122\233\167\351\143\247\122\066}{chapter.4}% 91
\BOOKMARK [2][]{subsection.4.4.1}{\376\377\0004\000.\0004\000.\0001\000\040\121\205\122\115\231\210\163\257\143\250\133\374}{section.4.4}% 92
\BOOKMARK [2][]{subsection.4.4.2}{\376\377\0004\000.\0004\000.\0002\000\040\000P\000D\131\026\163\257\213\276\213\241}{section.4.4}% 93
\BOOKMARK [2][]{subsection.4.4.3}{\376\377\0004\000.\0004\000.\0003\000\040\000P\000I\000D\131\026\163\257\213\276\213\241}{section.4.4}% 94
\BOOKMARK [2][]{subsection.4.4.4}{\376\377\0004\000.\0004\000.\0004\000\040\213\241\173\227\122\233\167\351\174\173\143\247\122\066\126\150}{section.4.4}% 95
\BOOKMARK [2][]{subsection.4.4.5}{\376\377\0004\000.\0004\000.\0005\000\040\000P\000D\000-\000P\000l\000u\000s\000-\000G\000r\000a\000v\000i\000t\000y\143\247\122\066\126\150}{section.4.4}% 96
\BOOKMARK [2][]{subsection.4.4.6}{\376\377\0004\000.\0004\000.\0006\000\040\176\317\121\170\121\163\202\202\143\247\122\066}{section.4.4}% 97
\BOOKMARK [1][]{section.4.5}{\376\377\0004\000.\0005\000\040\145\160\133\127\147\072\126\150\116\272\143\247\122\066}{chapter.4}% 98
\BOOKMARK [2][]{subsection.4.5.1}{\376\377\0004\000.\0005\000.\0001\000\040\127\372\116\216\217\321\117\074\217\336\176\355\143\247\122\066\126\150\166\204\213\276\213\241}{section.4.5}% 99
\BOOKMARK [2][]{subsection.4.5.2}{\376\377\0004\000.\0005\000.\0002\000\040\142\147\210\114\126\150\231\161\124\214\124\214\171\357\122\006\126\150\142\227\231\161\124\214\210\145\120\177}{section.4.5}% 100
\BOOKMARK [1][]{section.4.6}{\376\377\0004\000.\0006\000\040\147\000\117\030\131\026\163\257\213\276\213\241}{chapter.4}% 101
\BOOKMARK [2][]{subsection.4.6.1}{\376\377\0004\000.\0006\000.\0001\000\040\176\277\140\047\116\214\153\041\147\000\117\030\143\247\122\066}{section.4.6}% 102
\BOOKMARK [2][]{subsection.4.6.2}{\376\377\0004\000.\0006\000.\0002\000\040\176\277\140\047\116\214\153\041\213\241\173\227\122\233\167\351\213\276\213\241}{section.4.6}% 103
\BOOKMARK [1][]{section.4.7}{\376\377\0004\000.\0007\000\040\173\033\123\141\134\024\143\247\122\066}{chapter.4}% 104
\BOOKMARK [2][]{subsection.4.7.1}{\376\377\0004\000.\0007\000.\0001\000\040\173\033\123\141\134\024\213\241\173\227\122\233\167\351\143\247\122\066}{section.4.7}% 105
\BOOKMARK [2][]{subsection.4.7.2}{\376\377\0004\000.\0007\000.\0002\000\040\173\033\123\141\134\024\213\357\135\356\213\241\173\227}{section.4.7}% 106
\BOOKMARK [1][]{section.4.8}{\376\377\0004\000.\0008\000\040\140\073\176\323}{chapter.4}% 107
\BOOKMARK [1][]{section.4.8}{\376\377\123\302\200\003\145\207\163\056}{chapter.4}% 108
\BOOKMARK [1][]{Item.117}{\376\377\116\140\230\230}{chapter.4}% 109
\BOOKMARK [0][]{chapter.5}{\376\377\173\054\116\224\172\340\000\040\000\040\147\072\126\150\116\272\144\315\117\134\126\150\166\204\234\201\150\322\143\247\122\066}{}% 110
\BOOKMARK [1][]{section.5.1}{\376\377\0005\000.\0001\000\040\137\025\212\000}{chapter.5}% 111
\BOOKMARK [1][]{section.5.2}{\376\377\0005\000.\0002\000\040\123\315\231\210\176\277\140\047\123\026\143\247\122\066\126\150}{chapter.5}% 112
\BOOKMARK [2][]{subsection.5.2.1}{\376\377\0005\000.\0002\000.\0001\000\040\147\116\226\305\146\156\213\372\131\053\213\276\213\241}{section.5.2}% 113
\BOOKMARK [2][]{subsection.5.2.2}{\376\377\0005\000.\0002\000.\0002\000\040\217\223\121\145\000-\217\223\121\372\213\276\213\241}{section.5.2}% 114
\BOOKMARK [1][]{section.5.3}{\376\377\0005\000.\0003\000\040\227\136\176\277\140\047\143\247\122\066\126\150}{chapter.5}% 115
\BOOKMARK [2][]{subsection.5.3.1}{\376\377\0005\000.\0003\000.\0001\000\040\166\364\143\245\145\340\156\220\143\247\122\066\126\150}{section.5.3}% 116
\BOOKMARK [2][]{subsection.5.3.2}{\376\377\0005\000.\0003\000.\0002\000\040\123\330\176\323\147\204\143\247\122\066\126\150}{section.5.3}% 117
\BOOKMARK [2][]{subsection.5.3.3}{\376\377\0005\000.\0003\000.\0003\000\040\231\161\124\214\127\213\143\247\122\066\126\150}{section.5.3}% 118
\BOOKMARK [1][]{section.5.4}{\376\377\0005\000.\0004\000\040\122\250\122\233\133\146\221\315\145\260\213\276\213\241}{chapter.5}% 119
\BOOKMARK [2][]{subsection.5.4.1}{\376\377\0005\000.\0004\000.\0001\000\040\211\343\200\046\213\276\213\241}{section.5.4}% 120
\BOOKMARK [2][]{subsection.5.4.2}{\376\377\0005\000.\0004\000.\0002\000\040\206\132\142\337\147\072\126\150\116\272\151\202\137\365}{section.5.4}% 121
\BOOKMARK [1][]{section.5.5}{\376\377\0005\000.\0005\000\040\140\073\176\323}{chapter.5}% 122
\BOOKMARK [0][]{chapter.6}{\376\377\173\054\121\155\172\340\000\040\000\040\147\072\126\150\116\272\144\315\117\134\126\150\166\204\201\352\220\002\136\224\143\247\122\066}{}% 123
\BOOKMARK [1][]{section.6.1}{\376\377\0006\000.\0001\000\040\137\025\212\000}{chapter.6}% 124
\BOOKMARK [1][]{section.6.2}{\376\377\0006\000.\0002\000\040\213\241\173\227\122\233\167\351\145\271\154\325\166\204\201\352\220\002\136\224\143\247\122\066}{chapter.6}% 125
\BOOKMARK [1][]{section.6.3}{\376\377\0006\000.\0003\000\040\140\357\221\317\166\370\121\163\145\271\154\325\166\204\201\352\220\002\136\224\143\247\122\066}{chapter.6}% 126
\BOOKMARK [1][]{section.6.4}{\376\377\0006\000.\0004\000\040\127\372\116\216\145\340\156\220\140\047\166\204\201\352\220\002\136\224\143\247\122\066\126\150}{chapter.6}% 127
\BOOKMARK [1][]{section.6.5}{\376\377\0006\000.\0005\000\040\143\001\176\355\157\300\122\261}{chapter.6}% 128
\BOOKMARK [1][]{section.6.6}{\376\377\0006\000.\0006\000\040\131\015\124\010\201\352\220\002\136\224\143\247\122\066\126\150}{chapter.6}% 129
\BOOKMARK [1][]{section.6.7}{\376\377\0006\000.\0007\000\040\201\352\220\002\136\224\143\247\122\066\126\150\166\204\234\201\150\322\140\047}{chapter.6}% 130
\BOOKMARK [1][]{section.6.8}{\376\377\0006\000.\0008\000\040\140\073\176\323}{chapter.6}% 131
\BOOKMARK [0][]{chapter.7}{\376\377\173\054\116\003\172\340\000\040\000\040\121\110\217\333\143\247\122\066\142\200\147\057}{}% 132
\BOOKMARK [1][]{section.7.1}{\376\377\0007\000.\0001\000\040\137\025\212\000}{chapter.7}% 133
\BOOKMARK [1][]{section.7.2}{\376\377\0007\000.\0002\000\040\121\317\134\021\127\050\176\277\213\241\173\227\166\204\147\072\126\150\116\272\143\247\122\066\126\150}{chapter.7}% 134
\BOOKMARK [2][]{subsection.7.2.1}{\376\377\0007\000.\0002\000.\0001\000\040\147\037\147\033\210\145\120\177\201\352\220\002\136\224\137\213}{section.7.2}% 135
\BOOKMARK [2][]{subsection.7.2.2}{\376\377\0007\000.\0002\000.\0002\000\040\221\315\131\015\143\247\122\066\137\213}{section.7.2}% 136
\BOOKMARK [1][]{section.7.3}{\376\377\0007\000.\0003\000\040\201\352\220\002\136\224\234\201\150\322\143\247\122\066}{chapter.7}% 137
\BOOKMARK [1][]{section.7.4}{\376\377\0007\000.\0004\000\040\142\147\210\114\126\150\122\250\122\233\133\146\210\145\120\177}{chapter.7}% 138
\BOOKMARK [2][]{subsection.7.4.1}{\376\377\0007\000.\0004\000.\0001\000\040\165\065\154\024\122\250\122\233\133\146}{section.7.4}% 139
\BOOKMARK [2][]{subsection.7.4.2}{\376\377\0007\000.\0004\000.\0002\000\040\121\163\202\202\147\324\140\047}{section.7.4}% 140
\BOOKMARK [1][]{section.7.5}{\376\377\0007\000.\0005\000\040\140\073\176\323}{chapter.7}% 141
\BOOKMARK [0][]{chapter.8}{\376\377\173\054\121\153\172\340\000\040\000\040\147\072\126\150\116\272\166\204\171\136\176\317\177\121\176\334\143\247\122\066}{}% 142
\BOOKMARK [1][]{section.8.1}{\376\377\0008\000.\0001\000\040\137\025\212\000}{chapter.8}% 143
\BOOKMARK [1][]{section.8.2}{\376\377\0008\000.\0002\000\040\171\136\176\317\177\121\176\334\200\314\146\157}{chapter.8}% 144
\BOOKMARK [2][]{subsection.8.2.1}{\376\377\0008\000.\0002\000.\0001\000\040\131\032\134\102\171\136\176\317\177\121\176\334}{section.8.2}% 145
\BOOKMARK [2][]{subsection.8.2.2}{\376\377\0008\000.\0002\000.\0002\000\040\176\277\140\047\123\302\145\160\171\136\176\317\177\121\176\334}{section.8.2}% 146
\BOOKMARK [1][]{section.8.3}{\376\377\0008\000.\0003\000\040\117\177\165\050\227\131\140\001\171\136\176\317\177\121\176\334\166\204\215\337\216\052\143\247\122\066}{chapter.8}% 147
\BOOKMARK [2][]{subsection.8.3.1}{\376\377\0008\000.\0003\000.\0001\000\040\147\072\126\150\116\272\142\113\201\302\122\250\122\233\133\146\124\214\213\357\135\356\174\373\176\337}{section.8.3}% 148
\BOOKMARK [2][]{subsection.8.3.2}{\376\377\0008\000.\0003\000.\0002\000\040\201\352\220\002\136\224\143\247\122\066}{section.8.3}% 149
\BOOKMARK [2][]{subsection.8.3.3}{\376\377\0008\000.\0003\000.\0003\000\040\171\136\176\317\177\121\176\334\123\315\231\210\215\337\216\052\143\247\122\066\126\150}{section.8.3}% 150
\BOOKMARK [2][]{subsection.8.3.4}{\376\377\0008\000.\0003\000.\0004\000\040\122\035\131\313\215\337\216\052\213\357\135\356\124\214\122\035\131\313\171\136\176\317\177\121\176\334\147\103\221\315}{section.8.3}% 151
\BOOKMARK [1][]{section.8.4}{\376\377\0008\000.\0004\000\040\176\277\140\047\123\302\145\160\171\136\176\317\177\121\176\334\166\204\214\003\123\302\173\227\154\325}{chapter.8}% 152
\BOOKMARK [1][]{section.8.5}{\376\377\0008\000.\0005\000\040\227\136\176\277\140\047\123\302\145\160\171\136\176\317\177\121\176\334\166\204\214\003\123\302\173\227\154\325}{chapter.8}% 153
\BOOKMARK [2][]{subsection.8.5.1}{\376\377\0008\000.\0005\000.\0001\000\040\171\136\176\317\177\121\176\334\143\247\122\066\126\150\166\204\145\340\156\220\140\047\140\047\215\050}{section.8.5}% 154
\BOOKMARK [1][]{section.8.6}{\376\377\0008\000.\0006\000\040\134\017\176\323}{chapter.8}% 155
\BOOKMARK [0][]{chapter.9}{\376\377\173\054\116\135\172\340\000\040\000\040\122\233\143\247\122\066}{}% 156
\BOOKMARK [1][]{section.9.1}{\376\377\0009\000.\0001\000\040\137\025\212\000}{chapter.9}% 157
\BOOKMARK [1][]{section.9.2}{\376\377\0009\000.\0002\000\040\122\032\136\246\143\247\122\066}{chapter.9}% 158
\BOOKMARK [2][]{subsection.9.2.1}{\376\377\0009\000.\0002\000.\0001\000\040\123\125\201\352\165\061\136\246\147\072\150\260\201\302\166\204\122\032\136\246\143\247\122\066}{section.9.2}% 159
\BOOKMARK [2][]{subsection.9.2.2}{\376\377\0009\000.\0002\000.\0002\000\040\226\305\123\357\153\324\167\351\226\065\124\214\163\257\130\203\122\233}{section.9.2}% 160
\BOOKMARK [2][]{subsection.9.2.3}{\376\377\0009\000.\0002\000.\0003\000\040\000N\217\336\147\106\147\072\150\260\201\302\166\204\122\032\136\246\143\247\122\066}{section.9.2}% 161
\BOOKMARK [1][]{section.9.3}{\376\377\0009\000.\0003\000\040\155\367\124\010\117\115\177\156\000/\122\233\143\247\122\066}{chapter.9}% 162
\BOOKMARK [2][]{subsection.9.3.1}{\376\377\0009\000.\0003\000.\0001\000\040\173\033\123\141\134\024\116\214\217\336\147\106\201\302\166\204\155\367\124\010\117\115\177\156\000/\122\233\143\247\122\066}{section.9.3}% 163
\BOOKMARK [2][]{subsection.9.3.2}{\376\377\0009\000.\0003\000.\0002\000\040\000N\217\336\147\106\147\072\150\260\201\302\166\204\155\367\124\010\117\115\177\156\000/\122\233\143\247\122\066}{section.9.3}% 164
\BOOKMARK [1][]{section.9.4}{\376\377\0009\000.\0004\000\040\155\367\124\010\226\073\142\227\143\247\122\066}{chapter.9}% 165
\BOOKMARK [2][]{subsection.9.4.1}{\376\377\0009\000.\0004\000.\0001\000\040\163\257\130\203\136\372\152\041}{section.9.4}% 166
\BOOKMARK [2][]{subsection.9.4.2}{\376\377\0009\000.\0004\000.\0002\000\040\117\115\177\156\124\214\122\233\143\247\122\066\152\041\127\213}{section.9.4}% 167
\BOOKMARK [2][]{subsection.9.4.3}{\376\377\0009\000.\0004\000.\0003\000\040\226\073\142\227\143\247\122\066\121\154\137\017}{section.9.4}% 168
\BOOKMARK [1][]{section.9.5}{\376\377\0009\000.\0005\000\040\226\115\176\364\162\266\140\001\117\115\177\156\000/\122\233\143\247\122\066}{chapter.9}% 169
\BOOKMARK [2][]{subsection.9.5.1}{\376\377\0009\000.\0005\000.\0001\000\040\133\214\145\164\176\246\147\137\133\371\147\072\150\260\201\302\122\250\122\233\133\146\166\204\137\161\124\315}{section.9.5}% 170
\BOOKMARK [2][]{subsection.9.5.2}{\376\377\0009\000.\0005\000.\0002\000\040\226\115\176\364\136\372\152\041\124\214\143\247\122\066}{section.9.5}% 171
\BOOKMARK [1][]{section.9.6}{\376\377\0009\000.\0006\000\040\140\073\176\323}{chapter.9}% 172
\BOOKMARK [0][]{chapter.10}{\376\377\173\054\123\101\172\340\000\040\000\040\147\072\126\150\116\272\143\247\122\066\133\236\163\260\116\016\217\157\116\366}{}% 173
\BOOKMARK [1][]{section.10.1}{\376\377\0001\0000\000.\0001\000\040\137\025\212\000}{chapter.10}% 174
\BOOKMARK [1][]{section.10.2}{\376\377\0001\0000\000.\0002\000\040\135\345\121\167\116\016\142\200\147\057}{chapter.10}% 175
\BOOKMARK [1][]{section.10.3}{\376\377\0001\0000\000.\0003\000\040\147\072\126\150\116\272\136\163\123\360\166\204\213\276\213\241}{chapter.10}% 176
\BOOKMARK [2][]{subsection.10.3.1}{\376\377\0001\0000\000.\0003\000.\0001\000\040\151\202\217\360}{section.10.3}% 177
\BOOKMARK [2][]{subsection.10.3.2}{\376\377\0001\0000\000.\0003\000.\0002\000\040\150\070\137\303\174\173}{section.10.3}% 178
\BOOKMARK [2][]{subsection.10.3.3}{\376\377\0001\0000\000.\0003\000.\0003\000\040\147\072\126\150\116\272\143\247\122\066\174\173}{section.10.3}% 179
\BOOKMARK [2][]{subsection.10.3.4}{\376\377\0001\0000\000.\0003\000.\0004\000\040\131\026\220\350\213\276\131\007\174\173}{section.10.3}% 180
\BOOKMARK [2][]{subsection.10.3.5}{\376\377\0001\0000\000.\0003\000.\0005\000\040\135\345\121\167\174\173}{section.10.3}% 181
\BOOKMARK [2][]{subsection.10.3.6}{\376\377\0001\0000\000.\0003\000.\0006\000\040\221\115\177\156\173\241\164\006}{section.10.3}% 182
\BOOKMARK [2][]{subsection.10.3.7}{\376\377\0001\0000\000.\0003\000.\0007\000\040\133\371\214\141\173\241\164\006\126\150}{section.10.3}% 183
\BOOKMARK [2][]{subsection.10.3.8}{\376\377\0001\0000\000.\0003\000.\0008\000\040\136\166\123\321\000/\220\032\117\341\152\041\127\213}{section.10.3}% 184
\BOOKMARK [2][]{subsection.10.3.9}{\376\377\0001\0000\000.\0003\000.\0009\000\040\176\330\126\376\116\016\143\247\122\066\214\003\145\164\200\375\122\233}{section.10.3}% 185
\BOOKMARK [2][]{subsection.10.3.10}{\376\377\0001\0000\000.\0003\000.\0001\0000\000\040\145\160\133\146\136\223}{section.10.3}% 186
\BOOKMARK [2][]{subsection.10.3.11}{\376\377\0001\0000\000.\0003\000.\0001\0001\000\040\225\031\213\357\173\241\164\006\124\214\122\115\172\357\000G\000U\000I}{section.10.3}% 187
\BOOKMARK [1][]{section.10.4}{\376\377\0001\0000\000.\0004\000\040\147\072\126\150\116\272\136\163\123\360\166\204\144\315\117\134}{chapter.10}% 188
\BOOKMARK [2][]{subsection.10.4.1}{\376\377\0001\0000\000.\0004\000.\0001\000\040\127\072\146\157\147\345\167\013\126\150\124\214\143\247\122\066\227\142\147\177}{section.10.4}% 189
\BOOKMARK [2][]{subsection.10.4.2}{\376\377\0001\0000\000.\0004\000.\0002\000\040\165\050\116\216\171\373\122\250\147\072\126\150\116\272\166\204\133\236\165\050\172\013\136\217}{section.10.4}% 190
\BOOKMARK [2][]{subsection.10.4.3}{\376\377\0001\0000\000.\0004\000.\0003\000\040\177\026\121\231\060\001\177\026\213\321\060\001\224\376\143\245\124\214\124\057\122\250\143\247\122\066\172\013\136\217}{section.10.4}% 191
\BOOKMARK [1][]{section.10.5}{\376\377\0001\0000\000.\0005\000\040\177\026\172\013\171\072\117\213}{chapter.10}% 192
\BOOKMARK [2][]{subsection.10.5.1}{\376\377\0001\0000\000.\0005\000.\0001\000\040\116\377\167\037\116\016\133\236\163\260\166\204\153\324\217\203}{section.10.5}% 193
\BOOKMARK [2][]{subsection.10.5.2}{\376\377\0001\0000\000.\0005\000.\0002\000\040\206\132\142\337\130\231\130\301}{section.10.5}% 194
\BOOKMARK [1][]{section.10.6}{\376\377\0001\0000\000.\0006\000\040\140\073\176\323}{chapter.10}% 195
\BOOKMARK [0][]{appendix.A}{\376\377\226\104\137\125\000\040\000A\000\040\000\040\147\072\126\150\116\272\217\320\122\250\133\146\116\016\226\305\123\357\153\324\167\351\226\065\126\336\230\176}{}% 196
\BOOKMARK [1][]{section.A.1}{\376\377\000A\000.\0001\000\040\000A\000.\0001\000\040\127\372\147\054\144\315\117\134\126\150\121\340\117\125}{appendix.A}% 197
\BOOKMARK [1][]{section.A.2}{\376\377\000A\000.\0002\000\040\000A\000.\0002\000\040\147\072\126\150\116\272\217\320\122\250\133\146}{appendix.A}% 198
\BOOKMARK [2][]{subsection.A.2.1}{\376\377\000A\000.\0002\000.\0001\000\040\000A\167\351\226\065}{section.A.2}% 199
\BOOKMARK [2][]{subsection.A.2.2}{\376\377\000A\000.\0002\000.\0002\000\040\237\120\153\041\123\330\143\142}{section.A.2}% 200
\BOOKMARK [2][]{subsection.A.2.3}{\376\377\000A\000.\0002\000.\0003\000\040\201\302\000T\167\351\226\065}{section.A.2}% 201
\BOOKMARK [2][]{subsection.A.2.4}{\376\377\000A\000.\0002\000.\0004\000\040\153\143\124\021\217\320\122\250\133\146}{section.A.2}% 202
\BOOKMARK [1][]{section.A.3}{\376\377\000A\000.\0003\000\040\000A\000.\0003\000\040\144\315\117\134\126\150\226\305\123\357\153\324\167\351\226\065}{appendix.A}% 203
\BOOKMARK [2][]{subsection.A.3.1}{\376\377\000A\000.\0003\000.\0001\000\040\220\037\136\246\124\214\122\240\220\037\136\246\166\204\123\330\143\142}{section.A.3}% 204
\BOOKMARK [2][]{subsection.A.3.2}{\376\377\000A\000.\0003\000.\0002\000\040\122\233\166\204\123\330\143\142}{section.A.3}% 205
\BOOKMARK [2][]{subsection.A.3.3}{\376\377\000A\000.\0003\000.\0003\000\040\173\033\123\141\134\024\117\115\177\156\143\317\217\360}{section.A.3}% 206
\BOOKMARK [2][]{subsection.A.3.4}{\376\377\000A\000.\0003\000.\0004\000\040\213\241\173\227\201\302\226\305\123\357\153\324}{section.A.3}% 207
\BOOKMARK [0][]{appendix.B}{\376\377\226\104\137\125\000\040\000B\000\040\000\040\143\247\122\066\126\150\116\377\167\037\217\157\116\366}{}% 208
\BOOKMARK [1][]{section*.37}{\376\377\226\104\137\125\000B\000\040\143\247\122\066\126\150\116\377\167\037\217\157\116\366}{appendix.B}% 209
\BOOKMARK [0][]{appendix.C}{\376\377\226\104\137\125\000\040\000C\000\040\000\040\136\070\211\301\147\072\126\150\116\272\142\113\201\302\166\204\122\250\122\233\133\146}{}% 210
\BOOKMARK [1][]{section*.38}{\376\377\226\104\137\125\000C\000\040\136\070\211\301\147\072\126\150\116\272\147\072\150\260\201\302\166\204\122\250\122\233\133\146}{appendix.C}% 211
